[2015-01-24 11:34:34] core.ERROR: exception 'Enlight_Exception' with message 'Method "Shopware_Proxies_ShopwareControllersBackendIndexProxy::getPlugin" not found failure' in C:\xampp\htdocs\phingShopware\shopware\engine\Shopware\Controllers\Backend\Index.php:89
Stack trace:
#0 C:\xampp\htdocs\phingShopware\shopware\engine\Library\Enlight\Controller\Action.php(395): Enlight_Class->__call('getPlugin', Array)
#1 C:\xampp\htdocs\phingShopware\shopware\engine\Shopware\Controllers\Backend\Index.php(89): Enlight_Controller_Action->__call('getPlugin', Array)
#2 C:\xampp\htdocs\phingShopware\shopware\engine\Shopware\Controllers\Backend\Index.php(89): Shopware_Proxies_ShopwareControllersBackendIndexProxy->getPlugin()
#3 C:\xampp\htdocs\phingShopware\shopware\engine\Library\Enlight\Controller\Action.php(159): Shopware_Controllers_Backend_Index->indexAction()
#4 C:\xampp\htdocs\phingShopware\shopware\engine\Library\Enlight\Controller\Dispatcher\Default.php(528): Enlight_Controller_Action->dispatch('indexAction')
#5 C:\xampp\htdocs\phingShopware\shopware\engine\Library\Enlight\Controller\Front.php(228): Enlight_Controller_Dispatcher_Default->dispatch(Object(Enlight_Controller_Request_RequestHttp), Object(Enlight_Controller_Response_ResponseHttp))
#6 C:\xampp\htdocs\phingShopware\shopware\engine\Shopware\Kernel.php(141): Enlight_Controller_Front->dispatch()
#7 C:\xampp\htdocs\phingShopware\shopware\vendor\symfony\http-kernel\Symfony\Component\HttpKernel\HttpCache\HttpCache.php(472): Shopware\Kernel->handle(Object(Symfony\Component\HttpFoundation\Request), 1, true)
#8 C:\xampp\htdocs\phingShopware\shopware\engine\Shopware\Components\HttpCache\AppCache.php(256): Symfony\Component\HttpKernel\HttpCache\HttpCache->forward(Object(Symfony\Component\HttpFoundation\Request), true, NULL)
#9 C:\xampp\htdocs\phingShopware\shopware\vendor\symfony\http-kernel\Symfony\Component\HttpKernel\HttpCache\HttpCache.php(243): Shopware\Components\HttpCache\AppCache->forward(Object(Symfony\Component\HttpFoundation\Request), true)
#10 C:\xampp\htdocs\phingShopware\shopware\engine\Shopware\Components\HttpCache\AppCache.php(102): Symfony\Component\HttpKernel\HttpCache\HttpCache->pass(Object(Symfony\Component\HttpFoundation\Request), true)
#11 C:\xampp\htdocs\phingShopware\shopware\shopware.php(109): Shopware\Components\HttpCache\AppCache->handle(Object(Symfony\Component\HttpFoundation\Request))
#12 {main} [] {"uid":"6bddb89"}
[2015-01-24 22:59:55] core.ERROR: exception 'SmartyException' with message 'unable to write file C:\xampp\htdocs\phingShopware\shopware/cache\templates\backend_de_DE_a0703\3e\03\95\wrt54c415db292c96.53363266' in C:\xampp\htdocs\phingShopware\shopware\engine\Library\Smarty\sysplugins\smarty_internal_write_file.php:48
Stack trace:
#0 C:\xampp\htdocs\phingShopware\shopware\engine\Library\Smarty\sysplugins\smarty_internal_template.php(201): Smarty_Internal_Write_File::writeFile('C:\\xampp\\htdocs...', '<?php /* Smarty...', Object(Enlight_Template_Manager))
#1 C:\xampp\htdocs\phingShopware\shopware\engine\Library\Smarty\sysplugins\smarty_internal_templatebase.php(155): Smarty_Internal_Template->compileTemplateSource()
#2 C:\xampp\htdocs\phingShopware\shopware\engine\Library\Smarty\sysplugins\smarty_internal_template.php(286): Smarty_Internal_TemplateBase->fetch(NULL, NULL, NULL, NULL, false, false, true)
#3 C:\xampp\htdocs\phingShopware\shopware\cache\templates\backend_de_DE_a0703\0d\27\8a\0d278aaf56883059e04149394eebd3e4aa2909f6.snippet.payment_methods.js.php(144): Smarty_Internal_Template->getSubTemplate('backend/order/c...', NULL, 'backend_de_DE_a...', NULL, NULL, Array, 0)
#4 C:\xampp\htdocs\phingShopware\shopware\engine\Library\Smarty\sysplugins\smarty_internal_templatebase.php(180): content_54c415d9680b59_87847076(Object(Enlight_Template_Default))
#5 C:\xampp\htdocs\phingShopware\shopware\engine\Library\Enlight\View\Default.php(273): Smarty_Internal_TemplateBase->fetch()
#6 C:\xampp\htdocs\phingShopware\shopware\engine\Library\Enlight\Controller\Plugins\ViewRenderer\Bootstrap.php(212): Enlight_View_Default->render(Object(Enlight_Template_Default))
#7 C:\xampp\htdocs\phingShopware\shopware\engine\Library\Enlight\Controller\Plugins\ViewRenderer\Bootstrap.php(238): Enlight_Controller_Plugins_ViewRenderer_Bootstrap->renderTemplate(Object(Enlight_Template_Default))
#8 C:\xampp\htdocs\phingShopware\shopware\engine\Library\Enlight\Controller\Plugins\ViewRenderer\Bootstrap.php(136): Enlight_Controller_Plugins_ViewRenderer_Bootstrap->render()
#9 [internal function]: Enlight_Controller_Plugins_ViewRenderer_Bootstrap->onPostDispatch(Object(Enlight_Controller_ActionEventArgs))
#10 C:\xampp\htdocs\phingShopware\shopware\engine\Library\Enlight\Event\Handler\Default.php(91): call_user_func(Array, Object(Enlight_Controller_ActionEventArgs))
#11 C:\xampp\htdocs\phingShopware\shopware\engine\Library\Enlight\Event\EventManager.php(211): Enlight_Event_Handler_Default->execute(Object(Enlight_Controller_ActionEventArgs))
#12 C:\xampp\htdocs\phingShopware\shopware\engine\Library\Enlight\Controller\Action.php(202): Enlight_Event_EventManager->notify('Enlight_Control...', Object(Enlight_Controller_ActionEventArgs))
#13 C:\xampp\htdocs\phingShopware\shopware\engine\Library\Enlight\Controller\Dispatcher\Default.php(528): Enlight_Controller_Action->dispatch('loadAction')
#14 C:\xampp\htdocs\phingShopware\shopware\engine\Library\Enlight\Controller\Front.php(228): Enlight_Controller_Dispatcher_Default->dispatch(Object(Enlight_Controller_Request_RequestHttp), Object(Enlight_Controller_Response_ResponseHttp))
#15 C:\xampp\htdocs\phingShopware\shopware\engine\Shopware\Kernel.php(141): Enlight_Controller_Front->dispatch()
#16 C:\xampp\htdocs\phingShopware\shopware\vendor\symfony\http-kernel\Symfony\Component\HttpKernel\HttpCache\HttpCache.php(472): Shopware\Kernel->handle(Object(Symfony\Component\HttpFoundation\Request), 1, true)
#17 C:\xampp\htdocs\phingShopware\shopware\engine\Shopware\Components\HttpCache\AppCache.php(256): Symfony\Component\HttpKernel\HttpCache\HttpCache->forward(Object(Symfony\Component\HttpFoundation\Request), true, NULL)
#18 C:\xampp\htdocs\phingShopware\shopware\vendor\symfony\http-kernel\Symfony\Component\HttpKernel\HttpCache\HttpCache.php(243): Shopware\Components\HttpCache\AppCache->forward(Object(Symfony\Component\HttpFoundation\Request), true)
#19 C:\xampp\htdocs\phingShopware\shopware\engine\Shopware\Components\HttpCache\AppCache.php(102): Symfony\Component\HttpKernel\HttpCache\HttpCache->pass(Object(Symfony\Component\HttpFoundation\Request), true)
#20 C:\xampp\htdocs\phingShopware\shopware\shopware.php(109): Shopware\Components\HttpCache\AppCache->handle(Object(Symfony\Component\HttpFoundation\Request))
#21 {main} [] {"uid":"17f1922"}
