[2015-01-22 12:56:50] core.ERROR: exception 'RuntimeException' with message 'SplFileInfo::getSize(): stat failed for /var/www/shopware/cache/general/shopware--Shopware/shopware--Config/shopware--300/shopware---Shopware_Config' in /var/www/shopware/engine/Shopware/Components/CacheManager.php:350
Stack trace:
#0 /var/www/shopware/engine/Shopware/Components/CacheManager.php(350): SplFileInfo->getSize()
#1 /var/www/shopware/engine/Shopware/Components/CacheManager.php(239): Shopware\Components\CacheManager->getDirectoryInfo('/var/www/shopwa...')
#2 /var/www/shopware/engine/Shopware/Controllers/Backend/Cache.php(63): Shopware\Components\CacheManager->getConfigCacheInfo()
#3 /var/www/shopware/engine/Library/Enlight/Controller/Action.php(159): Shopware_Controllers_Backend_Cache->getInfoAction()
#4 /var/www/shopware/engine/Library/Enlight/Controller/Dispatcher/Default.php(528): Enlight_Controller_Action->dispatch('getInfoAction')
#5 /var/www/shopware/engine/Library/Enlight/Controller/Front.php(228): Enlight_Controller_Dispatcher_Default->dispatch(Object(Enlight_Controller_Request_RequestHttp), Object(Enlight_Controller_Response_ResponseHttp))
#6 /var/www/shopware/engine/Shopware/Kernel.php(141): Enlight_Controller_Front->dispatch()
#7 /var/www/shopware/vendor/symfony/http-kernel/Symfony/Component/HttpKernel/HttpCache/HttpCache.php(472): Shopware\Kernel->handle(Object(Symfony\Component\HttpFoundation\Request), 1, true)
#8 /var/www/shopware/engine/Shopware/Components/HttpCache/AppCache.php(256): Symfony\Component\HttpKernel\HttpCache\HttpCache->forward(Object(Symfony\Component\HttpFoundation\Request), true, NULL)
#9 /var/www/shopware/vendor/symfony/http-kernel/Symfony/Component/HttpKernel/HttpCache/HttpCache.php(243): Shopware\Components\HttpCache\AppCache->forward(Object(Symfony\Component\HttpFoundation\Request), true)
#10 /var/www/shopware/engine/Shopware/Components/HttpCache/AppCache.php(102): Symfony\Component\HttpKernel\HttpCache\HttpCache->pass(Object(Symfony\Component\HttpFoundation\Request), true)
#11 /var/www/shopware/shopware.php(109): Shopware\Components\HttpCache\AppCache->handle(Object(Symfony\Component\HttpFoundation\Request))
#12 {main} [] {"uid":"a5c2710"}
[2015-01-22 17:39:29] core.ERROR: exception 'Enlight_Controller_Exception' with message 'Unauthorized' in C:\xampp\htdocs\phingShopware\shopware\engine\Shopware\Plugins\Default\Backend\Auth\Bootstrap.php:203
Stack trace:
#0 C:\xampp\htdocs\phingShopware\shopware\engine\Library\Enlight\Event\Handler\Plugin.php(149): Shopware_Plugins_Backend_Auth_Bootstrap->onPreDispatchBackend(Object(Enlight_Controller_ActionEventArgs))
#1 C:\xampp\htdocs\phingShopware\shopware\engine\Library\Enlight\Event\EventManager.php(211): Enlight_Event_Handler_Plugin->execute(Object(Enlight_Controller_ActionEventArgs))
#2 C:\xampp\htdocs\phingShopware\shopware\engine\Library\Enlight\Controller\Action.php(138): Enlight_Event_EventManager->notify('Enlight_Control...', Object(Enlight_Controller_ActionEventArgs))
#3 C:\xampp\htdocs\phingShopware\shopware\engine\Library\Enlight\Controller\Dispatcher\Default.php(528): Enlight_Controller_Action->dispatch('indexAction')
#4 C:\xampp\htdocs\phingShopware\shopware\engine\Library\Enlight\Controller\Front.php(228): Enlight_Controller_Dispatcher_Default->dispatch(Object(Enlight_Controller_Request_RequestHttp), Object(Enlight_Controller_Response_ResponseHttp))
#5 C:\xampp\htdocs\phingShopware\shopware\engine\Shopware\Kernel.php(141): Enlight_Controller_Front->dispatch()
#6 C:\xampp\htdocs\phingShopware\shopware\vendor\symfony\http-kernel\Symfony\Component\HttpKernel\HttpCache\HttpCache.php(472): Shopware\Kernel->handle(Object(Symfony\Component\HttpFoundation\Request), 1, true)
#7 C:\xampp\htdocs\phingShopware\shopware\engine\Shopware\Components\HttpCache\AppCache.php(256): Symfony\Component\HttpKernel\HttpCache\HttpCache->forward(Object(Symfony\Component\HttpFoundation\Request), true, NULL)
#8 C:\xampp\htdocs\phingShopware\shopware\vendor\symfony\http-kernel\Symfony\Component\HttpKernel\HttpCache\HttpCache.php(243): Shopware\Components\HttpCache\AppCache->forward(Object(Symfony\Component\HttpFoundation\Request), true)
#9 C:\xampp\htdocs\phingShopware\shopware\engine\Shopware\Components\HttpCache\AppCache.php(102): Symfony\Component\HttpKernel\HttpCache\HttpCache->pass(Object(Symfony\Component\HttpFoundation\Request), true)
#10 C:\xampp\htdocs\phingShopware\shopware\shopware.php(109): Shopware\Components\HttpCache\AppCache->handle(Object(Symfony\Component\HttpFoundation\Request))
#11 {main} [] {"uid":"af44218"}
